Using pre-set license
Built from '2020.3/staging' branch; Version is '2020.3.28f1 (f5400f52e03f) revision 16072719'; Using compiler version '192528614'; Build Type 'Release'
OS: 'Windows 10  (10.0.19044) 64bit Professional' Language: 'ko' Physical Memory: 16318 MB
BatchMode: 1, IsHumanControllingUs: 0, StartBugReporterOnCrash: 0, Is64bit: 1, IsPro: 0

COMMAND LINE ARGUMENTS:
C:\Program Files\Unity\Hub\Editor\2020.3.28f1\Editor\Unity.exe
-adb2
-batchMode
-noUpm
-name
AssetImportWorker0
-projectPath
D:/Unity/GitHub/ZombieNet/Zombie_Network/Zombie
-logFile
Logs/AssetImportWorker0.log
-srvPort
55109
Successfully changed project path to: D:/Unity/GitHub/ZombieNet/Zombie_Network/Zombie
D:/Unity/GitHub/ZombieNet/Zombie_Network/Zombie
Using Asset Import Pipeline V2.
Refreshing native plugins compatible for Editor in 36.58 ms, found 2 plugins.
Preloading 0 native plugins for Editor in 0.00 ms.
Initialize engine version: 2020.3.28f1 (f5400f52e03f)
[Subsystems] Discovering subsystems at path C:/Program Files/Unity/Hub/Editor/2020.3.28f1/Editor/Data/Resources/UnitySubsystems
[Subsystems] Discovering subsystems at path D:/Unity/GitHub/ZombieNet/Zombie_Network/Zombie/Assets
GfxDevice: creating device client; threaded=0
Direct3D:
    Version:  Direct3D 11.0 [level 11.1]
    Renderer: NVIDIA GeForce GTX 1060 6GB (ID=0x1c03)
    Vendor:   
    VRAM:     6052 MB
    Driver:   27.21.14.5751
Initialize mono
Mono path[0] = 'C:/Program Files/Unity/Hub/Editor/2020.3.28f1/Editor/Data/Managed'
Mono path[1] = 'C:/Program Files/Unity/Hub/Editor/2020.3.28f1/Editor/Data/MonoBleedingEdge/lib/mono/unityjit'
Mono config path = 'C:/Program Files/Unity/Hub/Editor/2020.3.28f1/Editor/Data/MonoBleedingEdge/etc'
Using monoOptions --debugger-agent=transport=dt_socket,embedding=1,server=y,suspend=n,address=127.0.0.1:56736
Begin MonoManager ReloadAssembly
Registering precompiled unity dll's ...
Register platform support module: C:/Program Files/Unity/Hub/Editor/2020.3.28f1/Editor/Data/PlaybackEngines/WebGLSupport/UnityEditor.WebGL.Extensions.dll
Register platform support module: C:/Program Files/Unity/Hub/Editor/2020.3.28f1/Editor/Data/PlaybackEngines/WindowsStandaloneSupport/UnityEditor.WindowsStandalone.Extensions.dll
Registered in 0.002704 seconds.
Native extension for WindowsStandalone target not found
Native extension for WebGL target not found
Refreshing native plugins compatible for Editor in 43.42 ms, found 2 plugins.
Preloading 0 native plugins for Editor in 0.00 ms.
Mono: successfully reloaded assembly
- Completed reload, in  0.585 seconds
Domain Reload Profiling:
	ReloadAssembly (585ms)
		BeginReloadAssembly (66ms)
			ExecutionOrderSort (0ms)
			DisableScriptedObjects (0ms)
			BackupInstance (0ms)
			ReleaseScriptingObjects (0ms)
			CreateAndSetChildDomain (1ms)
		EndReloadAssembly (453ms)
			LoadAssemblies (64ms)
			RebuildTransferFunctionScriptingTraits (0ms)
			SetupTypeCache (145ms)
			ReleaseScriptCaches (0ms)
			RebuildScriptCaches (32ms)
			SetupLoadedEditorAssemblies (162ms)
				LogAssemblyErrors (0ms)
				InitializePlatformSupportModulesInManaged (6ms)
				SetLoadedEditorAssemblies (0ms)
				RefreshPlugins (44ms)
				BeforeProcessingInitializeOnLoad (14ms)
				ProcessInitializeOnLoadAttributes (74ms)
				ProcessInitializeOnLoadMethodAttributes (25ms)
				AfterProcessingInitializeOnLoad (0ms)
				EditorAssembliesLoaded (0ms)
			ExecutionOrderSort2 (0ms)
			AwakeInstancesAfterBackupRestoration (0ms)
Platform modules already initialized, skipping
Registering precompiled user dll's ...
Registered in 0.004303 seconds.
Begin MonoManager ReloadAssembly
Native extension for WindowsStandalone target not found
Native extension for WebGL target not found
Refreshing native plugins compatible for Editor in 0.47 ms, found 2 plugins.
Preloading 0 native plugins for Editor in 0.00 ms.
Mono: successfully reloaded assembly
- Completed reload, in  1.381 seconds
Domain Reload Profiling:
	ReloadAssembly (1382ms)
		BeginReloadAssembly (311ms)
			ExecutionOrderSort (0ms)
			DisableScriptedObjects (8ms)
			BackupInstance (0ms)
			ReleaseScriptingObjects (0ms)
			CreateAndSetChildDomain (116ms)
		EndReloadAssembly (1014ms)
			LoadAssemblies (159ms)
			RebuildTransferFunctionScriptingTraits (0ms)
			SetupTypeCache (394ms)
			ReleaseScriptCaches (0ms)
			RebuildScriptCaches (149ms)
			SetupLoadedEditorAssemblies (294ms)
				LogAssemblyErrors (0ms)
				InitializePlatformSupportModulesInManaged (5ms)
				SetLoadedEditorAssemblies (0ms)
				RefreshPlugins (1ms)
				BeforeProcessingInitializeOnLoad (90ms)
				ProcessInitializeOnLoadAttributes (181ms)
				ProcessInitializeOnLoadMethodAttributes (8ms)
				AfterProcessingInitializeOnLoad (7ms)
				EditorAssembliesLoaded (0ms)
			ExecutionOrderSort2 (0ms)
			AwakeInstancesAfterBackupRestoration (6ms)
Platform modules already initialized, skipping
========================================================================
Worker process is ready to serve import requests
Launched and connected shader compiler UnityShaderCompiler.exe after 0.10 seconds
Refreshing native plugins compatible for Editor in 0.44 ms, found 2 plugins.
Preloading 0 native plugins for Editor in 0.00 ms.
Unloading 2061 Unused Serialized files (Serialized files now loaded: 0)
System memory in use before: 168.1 MB.
System memory in use after: 168.2 MB.

Unloading 26 unused Assets to reduce memory usage. Loaded Objects now: 2495.
Total: 2.361600 ms (FindLiveObjects: 0.138400 ms CreateObjectMapping: 0.067600 ms MarkObjects: 2.089800 ms  DeleteObjects: 0.065100 ms)

AssetImportParameters requested are different than current active one (requested -> active):
  custom:framework-win-MediaFoundation: 216162199b28c13a410421893ffa2e32 -> 
  custom:video-decoder-ogg-theora: a1e56fd34408186e4bbccfd4996cb3dc -> 
  custom:container-muxer-webm: aa71ff27fc2769a1b78a27578f13a17b -> 
  custom:container-demuxer-webm: 4f35f7cbe854078d1ac9338744f61a02 -> 
  custom:container-demuxer-ogg: 62fdf1f143b41e24485cea50d1cbac27 -> 
  custom:video-encoder-webm-vp8: eb34c28f22e8b96e1ab97ce403110664 -> 
  custom:video-decoder-webm-vp8: 9c59270c3fd7afecdb556c50c9e8de78 -> 
  custom:audio-decoder-ogg-vorbis: bf7c407c2cedff20999df2af8eb42d56 -> 
  custom:audio-encoder-webm-vorbis: bf7c407c2cedff20999df2af8eb42d56 -> 
========================================================================
Received Import Request.
  path: Assets/02.Scripts/Zombie.cs
  artifactKey: Guid(c7eeb7e44a41f1d4a85a490f173bd9de) Importer(815301076,1909f56bfc062723c751e8b465ee728b)
Start importing Assets/02.Scripts/Zombie.cs using Guid(c7eeb7e44a41f1d4a85a490f173bd9de) Importer(815301076,1909f56bfc062723c751e8b465ee728b)  -> (artifact id: '4c15af0eb40369085de3651a7e698870') in 0.040420 seconds 
  Import took 0.043394 seconds .

========================================================================
Received Import Request.
  Time since last request: 92.361183 seconds.
  path: Assets/02.Scripts/ItemSpawner.cs
  artifactKey: Guid(2eb6822f49181904380ec6233681b490) Importer(815301076,1909f56bfc062723c751e8b465ee728b)
Start importing Assets/02.Scripts/ItemSpawner.cs using Guid(2eb6822f49181904380ec6233681b490) Importer(815301076,1909f56bfc062723c751e8b465ee728b)  -> (artifact id: 'a1f3a33f3619f4d053e6467c2181a1d9') in 0.008361 seconds 
  Import took 0.011580 seconds .

========================================================================
Received Import Request.
  Time since last request: 149.838821 seconds.
  path: Assets/Resources
  artifactKey: Guid(4bb93f73639114c4098dcc924ec67550) Importer(815301076,1909f56bfc062723c751e8b465ee728b)
Start importing Assets/Resources using Guid(4bb93f73639114c4098dcc924ec67550) Importer(815301076,1909f56bfc062723c751e8b465ee728b)  -> (artifact id: '1d7f410b2dcd64e8baa5aa72559949d1') in 0.007638 seconds 
  Import took 0.010845 seconds .

========================================================================
Received Import Request.
  Time since last request: 8.868478 seconds.
  path: Assets/Resources/BillingMode.json
  artifactKey: Guid(67e9000e7880e2142b2bc81ec2521db8) Importer(815301076,1909f56bfc062723c751e8b465ee728b)
Start importing Assets/Resources/BillingMode.json using Guid(67e9000e7880e2142b2bc81ec2521db8) Importer(815301076,1909f56bfc062723c751e8b465ee728b)  -> (artifact id: '5eb892f03f7dcf43a67931738c9c0444') in 0.029831 seconds 
  Import took 0.032511 seconds .

========================================================================
Received Import Request.
  Time since last request: 44.238782 seconds.
  path: Assets
  artifactKey: Guid(00000000000000001000000000000000) Importer(815301076,1909f56bfc062723c751e8b465ee728b)
Start importing Assets using Guid(00000000000000001000000000000000) Importer(815301076,1909f56bfc062723c751e8b465ee728b)  -> (artifact id: '42d402b061de3733987d63b9cc3b64de') in 0.007130 seconds 
  Import took 0.010306 seconds .

========================================================================
Received Import Request.
  Time since last request: 24.486297 seconds.
  path: Assets/Resources
  artifactKey: Guid(4bb93f73639114c4098dcc924ec67550) Importer(815301076,1909f56bfc062723c751e8b465ee728b)
Start importing Assets/Resources using Guid(4bb93f73639114c4098dcc924ec67550) Importer(815301076,1909f56bfc062723c751e8b465ee728b)  -> (artifact id: 'e179bd1cb1036172ffd5f128480f2333') in 0.004104 seconds 
  Import took 0.007365 seconds .

========================================================================
Received Import Request.
  Time since last request: 84.857303 seconds.
  path: Assets/Resources/Resources
  artifactKey: Guid(374d0209ca5a348468a8ee1d69e57f96) Importer(815301076,1909f56bfc062723c751e8b465ee728b)
Start importing Assets/Resources/Resources using Guid(374d0209ca5a348468a8ee1d69e57f96) Importer(815301076,1909f56bfc062723c751e8b465ee728b)  -> (artifact id: '82cb240d383d5ae23c3d2f01bd04ef66') in 0.003891 seconds 
  Import took 0.007150 seconds .

========================================================================
Received Import Request.
  Time since last request: 20.894167 seconds.
  path: Assets/Resources/AmmoPack.prefab
  artifactKey: Guid(5f9a437142d110d45a59c3f595bed7f7) Importer(815301076,1909f56bfc062723c751e8b465ee728b)
Start importing Assets/Resources/AmmoPack.prefab using Guid(5f9a437142d110d45a59c3f595bed7f7) Importer(815301076,1909f56bfc062723c751e8b465ee728b)  -> (artifact id: 'b2007b2c67b0675d47b86c792c4a7a04') in 0.078618 seconds 
  Import took 0.081467 seconds .

========================================================================
Received Import Request.
  Time since last request: 0.346604 seconds.
  path: Assets/Resources/Coin.prefab
  artifactKey: Guid(45c4c0bbb7c11e0489c5d600e3f93076) Importer(815301076,1909f56bfc062723c751e8b465ee728b)
Start importing Assets/Resources/Coin.prefab using Guid(45c4c0bbb7c11e0489c5d600e3f93076) Importer(815301076,1909f56bfc062723c751e8b465ee728b)  -> (artifact id: '97bbd60e57c3bab0c4c69c01654fa032') in 0.019926 seconds 
  Import took 0.022739 seconds .

========================================================================
Received Import Request.
  Time since last request: 0.453799 seconds.
  path: Assets/Resources/HealthPack.prefab
  artifactKey: Guid(a7d2f1ced4e274d4090ad71c1ebc5d56) Importer(815301076,1909f56bfc062723c751e8b465ee728b)
Start importing Assets/Resources/HealthPack.prefab using Guid(a7d2f1ced4e274d4090ad71c1ebc5d56) Importer(815301076,1909f56bfc062723c751e8b465ee728b)  -> (artifact id: '5ec0465ef12af8d7c8190070599e56ff') in 0.018285 seconds 
  Import took 0.021288 seconds .

========================================================================
Received Import Request.
  Time since last request: 0.498198 seconds.
  path: Assets/Resources/Player Character.prefab
  artifactKey: Guid(e3bac5360b604944b84382096a5ec68a) Importer(815301076,1909f56bfc062723c751e8b465ee728b)
Start importing Assets/Resources/Player Character.prefab using Guid(e3bac5360b604944b84382096a5ec68a) Importer(815301076,1909f56bfc062723c751e8b465ee728b)  -> (artifact id: '69ee05ec2f7a15784e3eb8b8ddf4bee3') in 0.268593 seconds 
  Import took 0.272128 seconds .

========================================================================
Received Import Request.
  Time since last request: 0.252146 seconds.
  path: Assets/Resources/Zombie.prefab
  artifactKey: Guid(873eb53f806b8a44aa81a4ce0545ac04) Importer(815301076,1909f56bfc062723c751e8b465ee728b)
Start importing Assets/Resources/Zombie.prefab using Guid(873eb53f806b8a44aa81a4ce0545ac04) Importer(815301076,1909f56bfc062723c751e8b465ee728b)  -> (artifact id: 'a4e12093d3240daaf9b983a540f54529') in 0.109383 seconds 
  Import took 0.112677 seconds .

========================================================================
Received Import Request.
  Time since last request: 58.574002 seconds.
  path: Assets/04.Prefabs/AmmoPack.prefab
  artifactKey: Guid(c90bf41c504e541b98989b07b736097c) Importer(815301076,1909f56bfc062723c751e8b465ee728b)
Start importing Assets/04.Prefabs/AmmoPack.prefab using Guid(c90bf41c504e541b98989b07b736097c) Importer(815301076,1909f56bfc062723c751e8b465ee728b)  -> (artifact id: 'd98014b030499827561459ae5303cf99') in 0.014931 seconds 
  Import took 0.017816 seconds .

========================================================================
Received Import Request.
  Time since last request: 6459.243809 seconds.
  path: Assets/02.Scripts/ColorSerialization.cs
  artifactKey: Guid(503b1680a39722747a58ac5b95a72b6c) Importer(815301076,1909f56bfc062723c751e8b465ee728b)
Start importing Assets/02.Scripts/ColorSerialization.cs using Guid(503b1680a39722747a58ac5b95a72b6c) Importer(815301076,1909f56bfc062723c751e8b465ee728b)  -> (artifact id: 'f539f18f9cfedb37407b8b245f240b9b') in 0.006722 seconds 
  Import took 0.010712 seconds .

========================================================================
Received Import Request.
  Time since last request: 662.308058 seconds.
  path: Assets/02.Scripts/ColorSerialization.cs
  artifactKey: Guid(503b1680a39722747a58ac5b95a72b6c) Importer(815301076,1909f56bfc062723c751e8b465ee728b)
Start importing Assets/02.Scripts/ColorSerialization.cs using Guid(503b1680a39722747a58ac5b95a72b6c) Importer(815301076,1909f56bfc062723c751e8b465ee728b)  -> (artifact id: '5fc566fd7c3a322a074fb882d0d032bc') in 0.002791 seconds 
  Import took 0.006097 seconds .

========================================================================
Received Prepare
Registering precompiled user dll's ...
Registered in 0.004525 seconds.
Begin MonoManager ReloadAssembly
Native extension for WindowsStandalone target not found
Native extension for WebGL target not found
Refreshing native plugins compatible for Editor in 0.41 ms, found 2 plugins.
Preloading 0 native plugins for Editor in 0.00 ms.
Mono: successfully reloaded assembly
- Completed reload, in  0.877 seconds
Domain Reload Profiling:
	ReloadAssembly (877ms)
		BeginReloadAssembly (110ms)
			ExecutionOrderSort (0ms)
			DisableScriptedObjects (4ms)
			BackupInstance (0ms)
			ReleaseScriptingObjects (0ms)
			CreateAndSetChildDomain (30ms)
		EndReloadAssembly (716ms)
			LoadAssemblies (93ms)
			RebuildTransferFunctionScriptingTraits (0ms)
			SetupTypeCache (263ms)
			ReleaseScriptCaches (1ms)
			RebuildScriptCaches (35ms)
			SetupLoadedEditorAssemblies (260ms)
				LogAssemblyErrors (0ms)
				InitializePlatformSupportModulesInManaged (7ms)
				SetLoadedEditorAssemblies (0ms)
				RefreshPlugins (0ms)
				BeforeProcessingInitializeOnLoad (78ms)
				ProcessInitializeOnLoadAttributes (160ms)
				ProcessInitializeOnLoadMethodAttributes (8ms)
				AfterProcessingInitializeOnLoad (6ms)
				EditorAssembliesLoaded (0ms)
			ExecutionOrderSort2 (0ms)
			AwakeInstancesAfterBackupRestoration (6ms)
Platform modules already initialized, skipping
Refreshing native plugins compatible for Editor in 0.42 ms, found 2 plugins.
Preloading 0 native plugins for Editor in 0.00 ms.
Unloading 2013 Unused Serialized files (Serialized files now loaded: 0)
System memory in use before: 180.5 MB.
System memory in use after: 180.6 MB.

Unloading 20 unused Assets to reduce memory usage. Loaded Objects now: 2507.
Total: 2.342400 ms (FindLiveObjects: 0.127300 ms CreateObjectMapping: 0.064100 ms MarkObjects: 2.132100 ms  DeleteObjects: 0.018300 ms)

AssetImportParameters requested are different than current active one (requested -> active):
  custom:framework-win-MediaFoundation: 216162199b28c13a410421893ffa2e32 -> 
  custom:video-decoder-ogg-theora: a1e56fd34408186e4bbccfd4996cb3dc -> 
  custom:container-muxer-webm: aa71ff27fc2769a1b78a27578f13a17b -> 
  custom:container-demuxer-webm: 4f35f7cbe854078d1ac9338744f61a02 -> 
  custom:container-demuxer-ogg: 62fdf1f143b41e24485cea50d1cbac27 -> 
  custom:video-encoder-webm-vp8: eb34c28f22e8b96e1ab97ce403110664 -> 
  custom:video-decoder-webm-vp8: 9c59270c3fd7afecdb556c50c9e8de78 -> 
  custom:audio-decoder-ogg-vorbis: bf7c407c2cedff20999df2af8eb42d56 -> 
  custom:audio-encoder-webm-vorbis: bf7c407c2cedff20999df2af8eb42d56 -> 
========================================================================
Received Import Request.
  Time since last request: 1156.285278 seconds.
  path: Assets/02.Scripts/ColorSerialization.cs
  artifactKey: Guid(503b1680a39722747a58ac5b95a72b6c) Importer(815301076,1909f56bfc062723c751e8b465ee728b)
Start importing Assets/02.Scripts/ColorSerialization.cs using Guid(503b1680a39722747a58ac5b95a72b6c) Importer(815301076,1909f56bfc062723c751e8b465ee728b)  -> (artifact id: 'f8038f63bf2a87e41b8478ec2cfae999') in 0.003792 seconds 
  Import took 0.006519 seconds .

========================================================================
Received Prepare
Registering precompiled user dll's ...
Registered in 0.003883 seconds.
Begin MonoManager ReloadAssembly
Native extension for WindowsStandalone target not found
Native extension for WebGL target not found
Refreshing native plugins compatible for Editor in 0.42 ms, found 2 plugins.
Preloading 0 native plugins for Editor in 0.00 ms.
Mono: successfully reloaded assembly
- Completed reload, in  0.831 seconds
Domain Reload Profiling:
	ReloadAssembly (832ms)
		BeginReloadAssembly (102ms)
			ExecutionOrderSort (0ms)
			DisableScriptedObjects (4ms)
			BackupInstance (0ms)
			ReleaseScriptingObjects (0ms)
			CreateAndSetChildDomain (27ms)
		EndReloadAssembly (679ms)
			LoadAssemblies (91ms)
			RebuildTransferFunctionScriptingTraits (0ms)
			SetupTypeCache (243ms)
			ReleaseScriptCaches (1ms)
			RebuildScriptCaches (34ms)
			SetupLoadedEditorAssemblies (248ms)
				LogAssemblyErrors (0ms)
				InitializePlatformSupportModulesInManaged (4ms)
				SetLoadedEditorAssemblies (0ms)
				RefreshPlugins (0ms)
				BeforeProcessingInitializeOnLoad (73ms)
				ProcessInitializeOnLoadAttributes (154ms)
				ProcessInitializeOnLoadMethodAttributes (8ms)
				AfterProcessingInitializeOnLoad (7ms)
				EditorAssembliesLoaded (0ms)
			ExecutionOrderSort2 (0ms)
			AwakeInstancesAfterBackupRestoration (5ms)
Platform modules already initialized, skipping
Refreshing native plugins compatible for Editor in 0.46 ms, found 2 plugins.
Preloading 0 native plugins for Editor in 0.00 ms.
Unloading 2013 Unused Serialized files (Serialized files now loaded: 0)
System memory in use before: 180.5 MB.
System memory in use after: 180.6 MB.

Unloading 20 unused Assets to reduce memory usage. Loaded Objects now: 2510.
Total: 2.299900 ms (FindLiveObjects: 0.134200 ms CreateObjectMapping: 0.065600 ms MarkObjects: 2.080200 ms  DeleteObjects: 0.019200 ms)

AssetImportParameters requested are different than current active one (requested -> active):
  custom:framework-win-MediaFoundation: 216162199b28c13a410421893ffa2e32 -> 
  custom:video-decoder-ogg-theora: a1e56fd34408186e4bbccfd4996cb3dc -> 
  custom:container-muxer-webm: aa71ff27fc2769a1b78a27578f13a17b -> 
  custom:container-demuxer-webm: 4f35f7cbe854078d1ac9338744f61a02 -> 
  custom:container-demuxer-ogg: 62fdf1f143b41e24485cea50d1cbac27 -> 
  custom:video-encoder-webm-vp8: eb34c28f22e8b96e1ab97ce403110664 -> 
  custom:video-decoder-webm-vp8: 9c59270c3fd7afecdb556c50c9e8de78 -> 
  custom:audio-decoder-ogg-vorbis: bf7c407c2cedff20999df2af8eb42d56 -> 
  custom:audio-encoder-webm-vorbis: bf7c407c2cedff20999df2af8eb42d56 -> 
========================================================================
Received Import Request.
  Time since last request: 304.799487 seconds.
  path: Assets/02.Scripts/ColorSerialization.cs
  artifactKey: Guid(503b1680a39722747a58ac5b95a72b6c) Importer(815301076,1909f56bfc062723c751e8b465ee728b)
Start importing Assets/02.Scripts/ColorSerialization.cs using Guid(503b1680a39722747a58ac5b95a72b6c) Importer(815301076,1909f56bfc062723c751e8b465ee728b)  -> (artifact id: '15eb7498f3204ffd2170cb7b68af0073') in 0.004000 seconds 
  Import took 0.006697 seconds .

AssetImportWorkerClient::OnTransportError - code=2 error=End of file
